<?xml version="1.0" encoding="UTF-8"?>
<testsuite xmlns:xsi="http://www.w3.org/2001/XMLSchema-instance" xsi:noNamespaceSchemaLocation="https://maven.apache.org/surefire/maven-surefire-plugin/xsd/surefire-test-report-3.0.xsd" version="3.0" name="com.coderahul.eureka.EurekaApplicationTests" time="1.858" tests="1" errors="0" skipped="0" failures="0">
  <properties>
    <property name="java.specification.version" value="17"/>
    <property name="sun.jnu.encoding" value="UTF-8"/>
    <property name="java.class.path" value="/Users/rahulvhatkar/Desktop/Rahul/workspace-spring-tool-suite-4-4.15.1.RELEASE/Eureka/target/test-classes:/Users/rahulvhatkar/Desktop/Rahul/workspace-spring-tool-suite-4-4.15.1.RELEASE/Eureka/target/classes:/Users/rahulvhatkar/.m2/repository/org/springframework/cloud/spring-cloud-starter-netflix-eureka-server/4.1.0-RC1/spring-cloud-starter-netflix-eureka-server-4.1.0-RC1.jar:/Users/rahulvhatkar/.m2/repository/org/springframework/cloud/spring-cloud-starter/4.1.0-RC1/spring-cloud-starter-4.1.0-RC1.jar:/Users/rahulvhatkar/.m2/repository/org/springframework/cloud/spring-cloud-context/4.1.0-RC1/spring-cloud-context-4.1.0-RC1.jar:/Users/rahulvhatkar/.m2/repository/org/springframework/security/spring-security-crypto/6.2.0/spring-security-crypto-6.2.0.jar:/Users/rahulvhatkar/.m2/repository/org/springframework/cloud/spring-cloud-commons/4.1.0-RC1/spring-cloud-commons-4.1.0-RC1.jar:/Users/rahulvhatkar/.m2/repository/org/springframework/security/spring-security-rsa/1.1.1/spring-security-rsa-1.1.1.jar:/Users/rahulvhatkar/.m2/repository/org/bouncycastle/bcprov-jdk18on/1.74/bcprov-jdk18on-1.74.jar:/Users/rahulvhatkar/.m2/repository/org/springframework/cloud/spring-cloud-netflix-eureka-server/4.1.0-RC1/spring-cloud-netflix-eureka-server-4.1.0-RC1.jar:/Users/rahulvhatkar/.m2/repository/org/springframework/boot/spring-boot-starter-web/3.2.0/spring-boot-starter-web-3.2.0.jar:/Users/rahulvhatkar/.m2/repository/org/springframework/boot/spring-boot-starter-json/3.2.0/spring-boot-starter-json-3.2.0.jar:/Users/rahulvhatkar/.m2/repository/com/fasterxml/jackson/datatype/jackson-datatype-jdk8/2.15.3/jackson-datatype-jdk8-2.15.3.jar:/Users/rahulvhatkar/.m2/repository/com/fasterxml/jackson/datatype/jackson-datatype-jsr310/2.15.3/jackson-datatype-jsr310-2.15.3.jar:/Users/rahulvhatkar/.m2/repository/com/fasterxml/jackson/module/jackson-module-parameter-names/2.15.3/jackson-module-parameter-names-2.15.3.jar:/Users/rahulvhatkar/.m2/repository/org/springframework/boot/spring-boot-starter-tomcat/3.2.0/spring-boot-starter-tomcat-3.2.0.jar:/Users/rahulvhatkar/.m2/repository/org/apache/tomcat/embed/tomcat-embed-core/10.1.16/tomcat-embed-core-10.1.16.jar:/Users/rahulvhatkar/.m2/repository/org/apache/tomcat/embed/tomcat-embed-el/10.1.16/tomcat-embed-el-10.1.16.jar:/Users/rahulvhatkar/.m2/repository/org/apache/tomcat/embed/tomcat-embed-websocket/10.1.16/tomcat-embed-websocket-10.1.16.jar:/Users/rahulvhatkar/.m2/repository/org/springframework/spring-web/6.1.1/spring-web-6.1.1.jar:/Users/rahulvhatkar/.m2/repository/org/springframework/spring-beans/6.1.1/spring-beans-6.1.1.jar:/Users/rahulvhatkar/.m2/repository/org/springframework/spring-webmvc/6.1.1/spring-webmvc-6.1.1.jar:/Users/rahulvhatkar/.m2/repository/org/springframework/spring-aop/6.1.1/spring-aop-6.1.1.jar:/Users/rahulvhatkar/.m2/repository/org/springframework/spring-expression/6.1.1/spring-expression-6.1.1.jar:/Users/rahulvhatkar/.m2/repository/org/springframework/boot/spring-boot-starter-actuator/3.2.0/spring-boot-starter-actuator-3.2.0.jar:/Users/rahulvhatkar/.m2/repository/org/springframework/boot/spring-boot-actuator-autoconfigure/3.2.0/spring-boot-actuator-autoconfigure-3.2.0.jar:/Users/rahulvhatkar/.m2/repository/org/springframework/boot/spring-boot-actuator/3.2.0/spring-boot-actuator-3.2.0.jar:/Users/rahulvhatkar/.m2/repository/io/micrometer/micrometer-observation/1.12.0/micrometer-observation-1.12.0.jar:/Users/rahulvhatkar/.m2/repository/io/micrometer/micrometer-commons/1.12.0/micrometer-commons-1.12.0.jar:/Users/rahulvhatkar/.m2/repository/io/micrometer/micrometer-jakarta9/1.12.0/micrometer-jakarta9-1.12.0.jar:/Users/rahulvhatkar/.m2/repository/io/micrometer/micrometer-core/1.12.0/micrometer-core-1.12.0.jar:/Users/rahulvhatkar/.m2/repository/org/hdrhistogram/HdrHistogram/2.1.12/HdrHistogram-2.1.12.jar:/Users/rahulvhatkar/.m2/repository/org/latencyutils/LatencyUtils/2.0.3/LatencyUtils-2.0.3.jar:/Users/rahulvhatkar/.m2/repository/org/springframework/boot/spring-boot-starter-freemarker/3.2.0/spring-boot-starter-freemarker-3.2.0.jar:/Users/rahulvhatkar/.m2/repository/org/freemarker/freemarker/2.3.32/freemarker-2.3.32.jar:/Users/rahulvhatkar/.m2/repository/org/springframework/spring-context-support/6.1.1/spring-context-support-6.1.1.jar:/Users/rahulvhatkar/.m2/repository/org/springframework/cloud/spring-cloud-netflix-eureka-client/4.1.0-RC1/spring-cloud-netflix-eureka-client-4.1.0-RC1.jar:/Users/rahulvhatkar/.m2/repository/com/netflix/eureka/eureka-client/2.0.1/eureka-client-2.0.1.jar:/Users/rahulvhatkar/.m2/repository/com/netflix/netflix-commons/netflix-eventbus/0.3.0/netflix-eventbus-0.3.0.jar:/Users/rahulvhatkar/.m2/repository/com/netflix/netflix-commons/netflix-infix/0.3.0/netflix-infix-0.3.0.jar:/Users/rahulvhatkar/.m2/repository/commons-jxpath/commons-jxpath/1.3/commons-jxpath-1.3.jar:/Users/rahulvhatkar/.m2/repository/joda-time/joda-time/2.3/joda-time-2.3.jar:/Users/rahulvhatkar/.m2/repository/org/antlr/antlr-runtime/3.4/antlr-runtime-3.4.jar:/Users/rahulvhatkar/.m2/repository/org/antlr/stringtemplate/3.2.1/stringtemplate-3.2.1.jar:/Users/rahulvhatkar/.m2/repository/antlr/antlr/2.7.7/antlr-2.7.7.jar:/Users/rahulvhatkar/.m2/repository/com/google/code/gson/gson/2.10.1/gson-2.10.1.jar:/Users/rahulvhatkar/.m2/repository/org/apache/commons/commons-math/2.2/commons-math-2.2.jar:/Users/rahulvhatkar/.m2/repository/com/thoughtworks/xstream/xstream/1.4.19/xstream-1.4.19.jar:/Users/rahulvhatkar/.m2/repository/io/github/x-stream/mxparser/1.2.2/mxparser-1.2.2.jar:/Users/rahulvhatkar/.m2/repository/xmlpull/xmlpull/1.1.3.1/xmlpull-1.1.3.1.jar:/Users/rahulvhatkar/.m2/repository/com/netflix/servo/servo-core/0.12.21/servo-core-0.12.21.jar:/Users/rahulvhatkar/.m2/repository/com/google/guava/guava/19.0/guava-19.0.jar:/Users/rahulvhatkar/.m2/repository/org/apache/httpcomponents/httpclient/4.5.3/httpclient-4.5.3.jar:/Users/rahulvhatkar/.m2/repository/org/apache/httpcomponents/httpcore/4.4.16/httpcore-4.4.16.jar:/Users/rahulvhatkar/.m2/repository/commons-codec/commons-codec/1.16.0/commons-codec-1.16.0.jar:/Users/rahulvhatkar/.m2/repository/commons-configuration/commons-configuration/1.10/commons-configuration-1.10.jar:/Users/rahulvhatkar/.m2/repository/commons-lang/commons-lang/2.6/commons-lang-2.6.jar:/Users/rahulvhatkar/.m2/repository/org/codehaus/jettison/jettison/1.4.0/jettison-1.4.0.jar:/Users/rahulvhatkar/.m2/repository/org/apache/httpcomponents/client5/httpclient5/5.2.1/httpclient5-5.2.1.jar:/Users/rahulvhatkar/.m2/repository/org/apache/httpcomponents/core5/httpcore5/5.2.3/httpcore5-5.2.3.jar:/Users/rahulvhatkar/.m2/repository/org/apache/httpcomponents/core5/httpcore5-h2/5.2.3/httpcore5-h2-5.2.3.jar:/Users/rahulvhatkar/.m2/repository/com/netflix/eureka/eureka-client-jersey3/2.0.1/eureka-client-jersey3-2.0.1.jar:/Users/rahulvhatkar/.m2/repository/org/glassfish/jersey/connectors/jersey-apache-connector/3.1.3/jersey-apache-connector-3.1.3.jar:/Users/rahulvhatkar/.m2/repository/com/netflix/eureka/eureka-core-jersey3/2.0.1/eureka-core-jersey3-2.0.1.jar:/Users/rahulvhatkar/.m2/repository/com/netflix/eureka/eureka-core/2.0.1/eureka-core-2.0.1.jar:/Users/rahulvhatkar/.m2/repository/jakarta/servlet/jakarta.servlet-api/6.0.0/jakarta.servlet-api-6.0.0.jar:/Users/rahulvhatkar/.m2/repository/org/glassfish/jersey/containers/jersey-container-servlet/3.1.3/jersey-container-servlet-3.1.3.jar:/Users/rahulvhatkar/.m2/repository/org/glassfish/jersey/containers/jersey-container-servlet-core/3.1.3/jersey-container-servlet-core-3.1.3.jar:/Users/rahulvhatkar/.m2/repository/org/glassfish/jersey/core/jersey-common/3.1.3/jersey-common-3.1.3.jar:/Users/rahulvhatkar/.m2/repository/org/glassfish/hk2/osgi-resource-locator/1.0.3/osgi-resource-locator-1.0.3.jar:/Users/rahulvhatkar/.m2/repository/jakarta/ws/rs/jakarta.ws.rs-api/3.1.0/jakarta.ws.rs-api-3.1.0.jar:/Users/rahulvhatkar/.m2/repository/org/glassfish/jersey/core/jersey-server/3.1.3/jersey-server-3.1.3.jar:/Users/rahulvhatkar/.m2/repository/jakarta/validation/jakarta.validation-api/3.0.2/jakarta.validation-api-3.0.2.jar:/Users/rahulvhatkar/.m2/repository/org/glassfish/jersey/core/jersey-client/3.1.3/jersey-client-3.1.3.jar:/Users/rahulvhatkar/.m2/repository/org/glassfish/jersey/inject/jersey-hk2/3.1.3/jersey-hk2-3.1.3.jar:/Users/rahulvhatkar/.m2/repository/org/glassfish/hk2/hk2-locator/3.0.4/hk2-locator-3.0.4.jar:/Users/rahulvhatkar/.m2/repository/org/glassfish/hk2/external/aopalliance-repackaged/3.0.4/aopalliance-repackaged-3.0.4.jar:/Users/rahulvhatkar/.m2/repository/org/glassfish/hk2/hk2-utils/3.0.4/hk2-utils-3.0.4.jar:/Users/rahulvhatkar/.m2/repository/org/javassist/javassist/3.29.2-GA/javassist-3.29.2-GA.jar:/Users/rahulvhatkar/.m2/repository/org/glassfish/hk2/spring-bridge/3.0.4/spring-bridge-3.0.4.jar:/Users/rahulvhatkar/.m2/repository/org/glassfish/hk2/hk2-api/3.0.4/hk2-api-3.0.4.jar:/Users/rahulvhatkar/.m2/repository/org/springframework/spring-context/6.1.1/spring-context-6.1.1.jar:/Users/rahulvhatkar/.m2/repository/jakarta/inject/jakarta.inject-api/2.0.1/jakarta.inject-api-2.0.1.jar:/Users/rahulvhatkar/.m2/repository/com/fasterxml/jackson/dataformat/jackson-dataformat-xml/2.15.3/jackson-dataformat-xml-2.15.3.jar:/Users/rahulvhatkar/.m2/repository/com/fasterxml/jackson/core/jackson-core/2.15.3/jackson-core-2.15.3.jar:/Users/rahulvhatkar/.m2/repository/com/fasterxml/jackson/core/jackson-annotations/2.15.3/jackson-annotations-2.15.3.jar:/Users/rahulvhatkar/.m2/repository/com/fasterxml/jackson/core/jackson-databind/2.15.3/jackson-databind-2.15.3.jar:/Users/rahulvhatkar/.m2/repository/org/codehaus/woodstox/stax2-api/4.2.1/stax2-api-4.2.1.jar:/Users/rahulvhatkar/.m2/repository/com/fasterxml/woodstox/woodstox-core/6.5.1/woodstox-core-6.5.1.jar:/Users/rahulvhatkar/.m2/repository/org/springframework/cloud/spring-cloud-starter-loadbalancer/4.1.0-RC1/spring-cloud-starter-loadbalancer-4.1.0-RC1.jar:/Users/rahulvhatkar/.m2/repository/org/springframework/cloud/spring-cloud-loadbalancer/4.1.0-RC1/spring-cloud-loadbalancer-4.1.0-RC1.jar:/Users/rahulvhatkar/.m2/repository/io/projectreactor/reactor-core/3.6.0/reactor-core-3.6.0.jar:/Users/rahulvhatkar/.m2/repository/org/reactivestreams/reactive-streams/1.0.4/reactive-streams-1.0.4.jar:/Users/rahulvhatkar/.m2/repository/io/projectreactor/addons/reactor-extra/3.5.1/reactor-extra-3.5.1.jar:/Users/rahulvhatkar/.m2/repository/org/springframework/boot/spring-boot-starter-cache/3.2.0/spring-boot-starter-cache-3.2.0.jar:/Users/rahulvhatkar/.m2/repository/com/stoyanr/evictor/1.0.0/evictor-1.0.0.jar:/Users/rahulvhatkar/.m2/repository/org/glassfish/jaxb/jaxb-runtime/4.0.4/jaxb-runtime-4.0.4.jar:/Users/rahulvhatkar/.m2/repository/org/glassfish/jaxb/jaxb-core/4.0.4/jaxb-core-4.0.4.jar:/Users/rahulvhatkar/.m2/repository/org/eclipse/angus/angus-activation/2.0.1/angus-activation-2.0.1.jar:/Users/rahulvhatkar/.m2/repository/org/glassfish/jaxb/txw2/4.0.4/txw2-4.0.4.jar:/Users/rahulvhatkar/.m2/repository/com/sun/istack/istack-commons-runtime/4.1.2/istack-commons-runtime-4.1.2.jar:/Users/rahulvhatkar/.m2/repository/org/springframework/boot/spring-boot-starter-test/3.2.0/spring-boot-starter-test-3.2.0.jar:/Users/rahulvhatkar/.m2/repository/org/springframework/boot/spring-boot-starter/3.2.0/spring-boot-starter-3.2.0.jar:/Users/rahulvhatkar/.m2/repository/org/springframework/boot/spring-boot/3.2.0/spring-boot-3.2.0.jar:/Users/rahulvhatkar/.m2/repository/org/springframework/boot/spring-boot-autoconfigure/3.2.0/spring-boot-autoconfigure-3.2.0.jar:/Users/rahulvhatkar/.m2/repository/org/springframework/boot/spring-boot-starter-logging/3.2.0/spring-boot-starter-logging-3.2.0.jar:/Users/rahulvhatkar/.m2/repository/ch/qos/logback/logback-classic/1.4.11/logback-classic-1.4.11.jar:/Users/rahulvhatkar/.m2/repository/ch/qos/logback/logback-core/1.4.11/logback-core-1.4.11.jar:/Users/rahulvhatkar/.m2/repository/org/apache/logging/log4j/log4j-to-slf4j/2.21.1/log4j-to-slf4j-2.21.1.jar:/Users/rahulvhatkar/.m2/repository/org/apache/logging/log4j/log4j-api/2.21.1/log4j-api-2.21.1.jar:/Users/rahulvhatkar/.m2/repository/org/slf4j/jul-to-slf4j/2.0.9/jul-to-slf4j-2.0.9.jar:/Users/rahulvhatkar/.m2/repository/jakarta/annotation/jakarta.annotation-api/2.1.1/jakarta.annotation-api-2.1.1.jar:/Users/rahulvhatkar/.m2/repository/org/yaml/snakeyaml/2.2/snakeyaml-2.2.jar:/Users/rahulvhatkar/.m2/repository/org/springframework/boot/spring-boot-test/3.2.0/spring-boot-test-3.2.0.jar:/Users/rahulvhatkar/.m2/repository/org/springframework/boot/spring-boot-test-autoconfigure/3.2.0/spring-boot-test-autoconfigure-3.2.0.jar:/Users/rahulvhatkar/.m2/repository/com/jayway/jsonpath/json-path/2.8.0/json-path-2.8.0.jar:/Users/rahulvhatkar/.m2/repository/org/slf4j/slf4j-api/2.0.9/slf4j-api-2.0.9.jar:/Users/rahulvhatkar/.m2/repository/jakarta/xml/bind/jakarta.xml.bind-api/4.0.1/jakarta.xml.bind-api-4.0.1.jar:/Users/rahulvhatkar/.m2/repository/jakarta/activation/jakarta.activation-api/2.1.2/jakarta.activation-api-2.1.2.jar:/Users/rahulvhatkar/.m2/repository/net/minidev/json-smart/2.5.0/json-smart-2.5.0.jar:/Users/rahulvhatkar/.m2/repository/net/minidev/accessors-smart/2.5.0/accessors-smart-2.5.0.jar:/Users/rahulvhatkar/.m2/repository/org/ow2/asm/asm/9.3/asm-9.3.jar:/Users/rahulvhatkar/.m2/repository/org/assertj/assertj-core/3.24.2/assertj-core-3.24.2.jar:/Users/rahulvhatkar/.m2/repository/net/bytebuddy/byte-buddy/1.14.10/byte-buddy-1.14.10.jar:/Users/rahulvhatkar/.m2/repository/org/awaitility/awaitility/4.2.0/awaitility-4.2.0.jar:/Users/rahulvhatkar/.m2/repository/org/hamcrest/hamcrest/2.2/hamcrest-2.2.jar:/Users/rahulvhatkar/.m2/repository/org/junit/jupiter/junit-jupiter/5.10.1/junit-jupiter-5.10.1.jar:/Users/rahulvhatkar/.m2/repository/org/junit/jupiter/junit-jupiter-api/5.10.1/junit-jupiter-api-5.10.1.jar:/Users/rahulvhatkar/.m2/repository/org/opentest4j/opentest4j/1.3.0/opentest4j-1.3.0.jar:/Users/rahulvhatkar/.m2/repository/org/junit/platform/junit-platform-commons/1.10.1/junit-platform-commons-1.10.1.jar:/Users/rahulvhatkar/.m2/repository/org/apiguardian/apiguardian-api/1.1.2/apiguardian-api-1.1.2.jar:/Users/rahulvhatkar/.m2/repository/org/junit/jupiter/junit-jupiter-params/5.10.1/junit-jupiter-params-5.10.1.jar:/Users/rahulvhatkar/.m2/repository/org/junit/jupiter/junit-jupiter-engine/5.10.1/junit-jupiter-engine-5.10.1.jar:/Users/rahulvhatkar/.m2/repository/org/junit/platform/junit-platform-engine/1.10.1/junit-platform-engine-1.10.1.jar:/Users/rahulvhatkar/.m2/repository/org/mockito/mockito-core/5.7.0/mockito-core-5.7.0.jar:/Users/rahulvhatkar/.m2/repository/net/bytebuddy/byte-buddy-agent/1.14.10/byte-buddy-agent-1.14.10.jar:/Users/rahulvhatkar/.m2/repository/org/objenesis/objenesis/3.3/objenesis-3.3.jar:/Users/rahulvhatkar/.m2/repository/org/mockito/mockito-junit-jupiter/5.7.0/mockito-junit-jupiter-5.7.0.jar:/Users/rahulvhatkar/.m2/repository/org/skyscreamer/jsonassert/1.5.1/jsonassert-1.5.1.jar:/Users/rahulvhatkar/.m2/repository/com/vaadin/external/google/android-json/0.0.20131108.vaadin1/android-json-0.0.20131108.vaadin1.jar:/Users/rahulvhatkar/.m2/repository/org/springframework/spring-core/6.1.1/spring-core-6.1.1.jar:/Users/rahulvhatkar/.m2/repository/org/springframework/spring-jcl/6.1.1/spring-jcl-6.1.1.jar:/Users/rahulvhatkar/.m2/repository/org/springframework/spring-test/6.1.1/spring-test-6.1.1.jar:/Users/rahulvhatkar/.m2/repository/org/xmlunit/xmlunit-core/2.9.1/xmlunit-core-2.9.1.jar:"/>
    <property name="java.vm.vendor" value="Oracle Corporation"/>
    <property name="sun.arch.data.model" value="64"/>
    <property name="java.vendor.url" value="https://java.oracle.com/"/>
    <property name="user.timezone" value="Asia/Kolkata"/>
    <property name="os.name" value="Mac OS X"/>
    <property name="java.vm.specification.version" value="17"/>
    <property name="sun.java.launcher" value="SUN_STANDARD"/>
    <property name="user.country" value="IN"/>
    <property name="sun.boot.library.path" value="/Library/Java/JavaVirtualMachines/jdk-17.jdk/Contents/Home/lib"/>
    <property name="sun.java.command" value="/Users/rahulvhatkar/Desktop/Rahul/workspace-spring-tool-suite-4-4.15.1.RELEASE/Eureka/target/surefire/surefirebooter-20240709221702101_3.jar /Users/rahulvhatkar/Desktop/Rahul/workspace-spring-tool-suite-4-4.15.1.RELEASE/Eureka/target/surefire 2024-07-09T22-17-02_063-jvmRun1 surefire-20240709221702101_1tmp surefire_0-20240709221702101_2tmp"/>
    <property name="http.nonProxyHosts" value="local|*.local|169.254/16|*.169.254/16"/>
    <property name="jdk.debug" value="release"/>
    <property name="surefire.test.class.path" value="/Users/rahulvhatkar/Desktop/Rahul/workspace-spring-tool-suite-4-4.15.1.RELEASE/Eureka/target/test-classes:/Users/rahulvhatkar/Desktop/Rahul/workspace-spring-tool-suite-4-4.15.1.RELEASE/Eureka/target/classes:/Users/rahulvhatkar/.m2/repository/org/springframework/cloud/spring-cloud-starter-netflix-eureka-server/4.1.0-RC1/spring-cloud-starter-netflix-eureka-server-4.1.0-RC1.jar:/Users/rahulvhatkar/.m2/repository/org/springframework/cloud/spring-cloud-starter/4.1.0-RC1/spring-cloud-starter-4.1.0-RC1.jar:/Users/rahulvhatkar/.m2/repository/org/springframework/cloud/spring-cloud-context/4.1.0-RC1/spring-cloud-context-4.1.0-RC1.jar:/Users/rahulvhatkar/.m2/repository/org/springframework/security/spring-security-crypto/6.2.0/spring-security-crypto-6.2.0.jar:/Users/rahulvhatkar/.m2/repository/org/springframework/cloud/spring-cloud-commons/4.1.0-RC1/spring-cloud-commons-4.1.0-RC1.jar:/Users/rahulvhatkar/.m2/repository/org/springframework/security/spring-security-rsa/1.1.1/spring-security-rsa-1.1.1.jar:/Users/rahulvhatkar/.m2/repository/org/bouncycastle/bcprov-jdk18on/1.74/bcprov-jdk18on-1.74.jar:/Users/rahulvhatkar/.m2/repository/org/springframework/cloud/spring-cloud-netflix-eureka-server/4.1.0-RC1/spring-cloud-netflix-eureka-server-4.1.0-RC1.jar:/Users/rahulvhatkar/.m2/repository/org/springframework/boot/spring-boot-starter-web/3.2.0/spring-boot-starter-web-3.2.0.jar:/Users/rahulvhatkar/.m2/repository/org/springframework/boot/spring-boot-starter-json/3.2.0/spring-boot-starter-json-3.2.0.jar:/Users/rahulvhatkar/.m2/repository/com/fasterxml/jackson/datatype/jackson-datatype-jdk8/2.15.3/jackson-datatype-jdk8-2.15.3.jar:/Users/rahulvhatkar/.m2/repository/com/fasterxml/jackson/datatype/jackson-datatype-jsr310/2.15.3/jackson-datatype-jsr310-2.15.3.jar:/Users/rahulvhatkar/.m2/repository/com/fasterxml/jackson/module/jackson-module-parameter-names/2.15.3/jackson-module-parameter-names-2.15.3.jar:/Users/rahulvhatkar/.m2/repository/org/springframework/boot/spring-boot-starter-tomcat/3.2.0/spring-boot-starter-tomcat-3.2.0.jar:/Users/rahulvhatkar/.m2/repository/org/apache/tomcat/embed/tomcat-embed-core/10.1.16/tomcat-embed-core-10.1.16.jar:/Users/rahulvhatkar/.m2/repository/org/apache/tomcat/embed/tomcat-embed-el/10.1.16/tomcat-embed-el-10.1.16.jar:/Users/rahulvhatkar/.m2/repository/org/apache/tomcat/embed/tomcat-embed-websocket/10.1.16/tomcat-embed-websocket-10.1.16.jar:/Users/rahulvhatkar/.m2/repository/org/springframework/spring-web/6.1.1/spring-web-6.1.1.jar:/Users/rahulvhatkar/.m2/repository/org/springframework/spring-beans/6.1.1/spring-beans-6.1.1.jar:/Users/rahulvhatkar/.m2/repository/org/springframework/spring-webmvc/6.1.1/spring-webmvc-6.1.1.jar:/Users/rahulvhatkar/.m2/repository/org/springframework/spring-aop/6.1.1/spring-aop-6.1.1.jar:/Users/rahulvhatkar/.m2/repository/org/springframework/spring-expression/6.1.1/spring-expression-6.1.1.jar:/Users/rahulvhatkar/.m2/repository/org/springframework/boot/spring-boot-starter-actuator/3.2.0/spring-boot-starter-actuator-3.2.0.jar:/Users/rahulvhatkar/.m2/repository/org/springframework/boot/spring-boot-actuator-autoconfigure/3.2.0/spring-boot-actuator-autoconfigure-3.2.0.jar:/Users/rahulvhatkar/.m2/repository/org/springframework/boot/spring-boot-actuator/3.2.0/spring-boot-actuator-3.2.0.jar:/Users/rahulvhatkar/.m2/repository/io/micrometer/micrometer-observation/1.12.0/micrometer-observation-1.12.0.jar:/Users/rahulvhatkar/.m2/repository/io/micrometer/micrometer-commons/1.12.0/micrometer-commons-1.12.0.jar:/Users/rahulvhatkar/.m2/repository/io/micrometer/micrometer-jakarta9/1.12.0/micrometer-jakarta9-1.12.0.jar:/Users/rahulvhatkar/.m2/repository/io/micrometer/micrometer-core/1.12.0/micrometer-core-1.12.0.jar:/Users/rahulvhatkar/.m2/repository/org/hdrhistogram/HdrHistogram/2.1.12/HdrHistogram-2.1.12.jar:/Users/rahulvhatkar/.m2/repository/org/latencyutils/LatencyUtils/2.0.3/LatencyUtils-2.0.3.jar:/Users/rahulvhatkar/.m2/repository/org/springframework/boot/spring-boot-starter-freemarker/3.2.0/spring-boot-starter-freemarker-3.2.0.jar:/Users/rahulvhatkar/.m2/repository/org/freemarker/freemarker/2.3.32/freemarker-2.3.32.jar:/Users/rahulvhatkar/.m2/repository/org/springframework/spring-context-support/6.1.1/spring-context-support-6.1.1.jar:/Users/rahulvhatkar/.m2/repository/org/springframework/cloud/spring-cloud-netflix-eureka-client/4.1.0-RC1/spring-cloud-netflix-eureka-client-4.1.0-RC1.jar:/Users/rahulvhatkar/.m2/repository/com/netflix/eureka/eureka-client/2.0.1/eureka-client-2.0.1.jar:/Users/rahulvhatkar/.m2/repository/com/netflix/netflix-commons/netflix-eventbus/0.3.0/netflix-eventbus-0.3.0.jar:/Users/rahulvhatkar/.m2/repository/com/netflix/netflix-commons/netflix-infix/0.3.0/netflix-infix-0.3.0.jar:/Users/rahulvhatkar/.m2/repository/commons-jxpath/commons-jxpath/1.3/commons-jxpath-1.3.jar:/Users/rahulvhatkar/.m2/repository/joda-time/joda-time/2.3/joda-time-2.3.jar:/Users/rahulvhatkar/.m2/repository/org/antlr/antlr-runtime/3.4/antlr-runtime-3.4.jar:/Users/rahulvhatkar/.m2/repository/org/antlr/stringtemplate/3.2.1/stringtemplate-3.2.1.jar:/Users/rahulvhatkar/.m2/repository/antlr/antlr/2.7.7/antlr-2.7.7.jar:/Users/rahulvhatkar/.m2/repository/com/google/code/gson/gson/2.10.1/gson-2.10.1.jar:/Users/rahulvhatkar/.m2/repository/org/apache/commons/commons-math/2.2/commons-math-2.2.jar:/Users/rahulvhatkar/.m2/repository/com/thoughtworks/xstream/xstream/1.4.19/xstream-1.4.19.jar:/Users/rahulvhatkar/.m2/repository/io/github/x-stream/mxparser/1.2.2/mxparser-1.2.2.jar:/Users/rahulvhatkar/.m2/repository/xmlpull/xmlpull/1.1.3.1/xmlpull-1.1.3.1.jar:/Users/rahulvhatkar/.m2/repository/com/netflix/servo/servo-core/0.12.21/servo-core-0.12.21.jar:/Users/rahulvhatkar/.m2/repository/com/google/guava/guava/19.0/guava-19.0.jar:/Users/rahulvhatkar/.m2/repository/org/apache/httpcomponents/httpclient/4.5.3/httpclient-4.5.3.jar:/Users/rahulvhatkar/.m2/repository/org/apache/httpcomponents/httpcore/4.4.16/httpcore-4.4.16.jar:/Users/rahulvhatkar/.m2/repository/commons-codec/commons-codec/1.16.0/commons-codec-1.16.0.jar:/Users/rahulvhatkar/.m2/repository/commons-configuration/commons-configuration/1.10/commons-configuration-1.10.jar:/Users/rahulvhatkar/.m2/repository/commons-lang/commons-lang/2.6/commons-lang-2.6.jar:/Users/rahulvhatkar/.m2/repository/org/codehaus/jettison/jettison/1.4.0/jettison-1.4.0.jar:/Users/rahulvhatkar/.m2/repository/org/apache/httpcomponents/client5/httpclient5/5.2.1/httpclient5-5.2.1.jar:/Users/rahulvhatkar/.m2/repository/org/apache/httpcomponents/core5/httpcore5/5.2.3/httpcore5-5.2.3.jar:/Users/rahulvhatkar/.m2/repository/org/apache/httpcomponents/core5/httpcore5-h2/5.2.3/httpcore5-h2-5.2.3.jar:/Users/rahulvhatkar/.m2/repository/com/netflix/eureka/eureka-client-jersey3/2.0.1/eureka-client-jersey3-2.0.1.jar:/Users/rahulvhatkar/.m2/repository/org/glassfish/jersey/connectors/jersey-apache-connector/3.1.3/jersey-apache-connector-3.1.3.jar:/Users/rahulvhatkar/.m2/repository/com/netflix/eureka/eureka-core-jersey3/2.0.1/eureka-core-jersey3-2.0.1.jar:/Users/rahulvhatkar/.m2/repository/com/netflix/eureka/eureka-core/2.0.1/eureka-core-2.0.1.jar:/Users/rahulvhatkar/.m2/repository/jakarta/servlet/jakarta.servlet-api/6.0.0/jakarta.servlet-api-6.0.0.jar:/Users/rahulvhatkar/.m2/repository/org/glassfish/jersey/containers/jersey-container-servlet/3.1.3/jersey-container-servlet-3.1.3.jar:/Users/rahulvhatkar/.m2/repository/org/glassfish/jersey/containers/jersey-container-servlet-core/3.1.3/jersey-container-servlet-core-3.1.3.jar:/Users/rahulvhatkar/.m2/repository/org/glassfish/jersey/core/jersey-common/3.1.3/jersey-common-3.1.3.jar:/Users/rahulvhatkar/.m2/repository/org/glassfish/hk2/osgi-resource-locator/1.0.3/osgi-resource-locator-1.0.3.jar:/Users/rahulvhatkar/.m2/repository/jakarta/ws/rs/jakarta.ws.rs-api/3.1.0/jakarta.ws.rs-api-3.1.0.jar:/Users/rahulvhatkar/.m2/repository/org/glassfish/jersey/core/jersey-server/3.1.3/jersey-server-3.1.3.jar:/Users/rahulvhatkar/.m2/repository/jakarta/validation/jakarta.validation-api/3.0.2/jakarta.validation-api-3.0.2.jar:/Users/rahulvhatkar/.m2/repository/org/glassfish/jersey/core/jersey-client/3.1.3/jersey-client-3.1.3.jar:/Users/rahulvhatkar/.m2/repository/org/glassfish/jersey/inject/jersey-hk2/3.1.3/jersey-hk2-3.1.3.jar:/Users/rahulvhatkar/.m2/repository/org/glassfish/hk2/hk2-locator/3.0.4/hk2-locator-3.0.4.jar:/Users/rahulvhatkar/.m2/repository/org/glassfish/hk2/external/aopalliance-repackaged/3.0.4/aopalliance-repackaged-3.0.4.jar:/Users/rahulvhatkar/.m2/repository/org/glassfish/hk2/hk2-utils/3.0.4/hk2-utils-3.0.4.jar:/Users/rahulvhatkar/.m2/repository/org/javassist/javassist/3.29.2-GA/javassist-3.29.2-GA.jar:/Users/rahulvhatkar/.m2/repository/org/glassfish/hk2/spring-bridge/3.0.4/spring-bridge-3.0.4.jar:/Users/rahulvhatkar/.m2/repository/org/glassfish/hk2/hk2-api/3.0.4/hk2-api-3.0.4.jar:/Users/rahulvhatkar/.m2/repository/org/springframework/spring-context/6.1.1/spring-context-6.1.1.jar:/Users/rahulvhatkar/.m2/repository/jakarta/inject/jakarta.inject-api/2.0.1/jakarta.inject-api-2.0.1.jar:/Users/rahulvhatkar/.m2/repository/com/fasterxml/jackson/dataformat/jackson-dataformat-xml/2.15.3/jackson-dataformat-xml-2.15.3.jar:/Users/rahulvhatkar/.m2/repository/com/fasterxml/jackson/core/jackson-core/2.15.3/jackson-core-2.15.3.jar:/Users/rahulvhatkar/.m2/repository/com/fasterxml/jackson/core/jackson-annotations/2.15.3/jackson-annotations-2.15.3.jar:/Users/rahulvhatkar/.m2/repository/com/fasterxml/jackson/core/jackson-databind/2.15.3/jackson-databind-2.15.3.jar:/Users/rahulvhatkar/.m2/repository/org/codehaus/woodstox/stax2-api/4.2.1/stax2-api-4.2.1.jar:/Users/rahulvhatkar/.m2/repository/com/fasterxml/woodstox/woodstox-core/6.5.1/woodstox-core-6.5.1.jar:/Users/rahulvhatkar/.m2/repository/org/springframework/cloud/spring-cloud-starter-loadbalancer/4.1.0-RC1/spring-cloud-starter-loadbalancer-4.1.0-RC1.jar:/Users/rahulvhatkar/.m2/repository/org/springframework/cloud/spring-cloud-loadbalancer/4.1.0-RC1/spring-cloud-loadbalancer-4.1.0-RC1.jar:/Users/rahulvhatkar/.m2/repository/io/projectreactor/reactor-core/3.6.0/reactor-core-3.6.0.jar:/Users/rahulvhatkar/.m2/repository/org/reactivestreams/reactive-streams/1.0.4/reactive-streams-1.0.4.jar:/Users/rahulvhatkar/.m2/repository/io/projectreactor/addons/reactor-extra/3.5.1/reactor-extra-3.5.1.jar:/Users/rahulvhatkar/.m2/repository/org/springframework/boot/spring-boot-starter-cache/3.2.0/spring-boot-starter-cache-3.2.0.jar:/Users/rahulvhatkar/.m2/repository/com/stoyanr/evictor/1.0.0/evictor-1.0.0.jar:/Users/rahulvhatkar/.m2/repository/org/glassfish/jaxb/jaxb-runtime/4.0.4/jaxb-runtime-4.0.4.jar:/Users/rahulvhatkar/.m2/repository/org/glassfish/jaxb/jaxb-core/4.0.4/jaxb-core-4.0.4.jar:/Users/rahulvhatkar/.m2/repository/org/eclipse/angus/angus-activation/2.0.1/angus-activation-2.0.1.jar:/Users/rahulvhatkar/.m2/repository/org/glassfish/jaxb/txw2/4.0.4/txw2-4.0.4.jar:/Users/rahulvhatkar/.m2/repository/com/sun/istack/istack-commons-runtime/4.1.2/istack-commons-runtime-4.1.2.jar:/Users/rahulvhatkar/.m2/repository/org/springframework/boot/spring-boot-starter-test/3.2.0/spring-boot-starter-test-3.2.0.jar:/Users/rahulvhatkar/.m2/repository/org/springframework/boot/spring-boot-starter/3.2.0/spring-boot-starter-3.2.0.jar:/Users/rahulvhatkar/.m2/repository/org/springframework/boot/spring-boot/3.2.0/spring-boot-3.2.0.jar:/Users/rahulvhatkar/.m2/repository/org/springframework/boot/spring-boot-autoconfigure/3.2.0/spring-boot-autoconfigure-3.2.0.jar:/Users/rahulvhatkar/.m2/repository/org/springframework/boot/spring-boot-starter-logging/3.2.0/spring-boot-starter-logging-3.2.0.jar:/Users/rahulvhatkar/.m2/repository/ch/qos/logback/logback-classic/1.4.11/logback-classic-1.4.11.jar:/Users/rahulvhatkar/.m2/repository/ch/qos/logback/logback-core/1.4.11/logback-core-1.4.11.jar:/Users/rahulvhatkar/.m2/repository/org/apache/logging/log4j/log4j-to-slf4j/2.21.1/log4j-to-slf4j-2.21.1.jar:/Users/rahulvhatkar/.m2/repository/org/apache/logging/log4j/log4j-api/2.21.1/log4j-api-2.21.1.jar:/Users/rahulvhatkar/.m2/repository/org/slf4j/jul-to-slf4j/2.0.9/jul-to-slf4j-2.0.9.jar:/Users/rahulvhatkar/.m2/repository/jakarta/annotation/jakarta.annotation-api/2.1.1/jakarta.annotation-api-2.1.1.jar:/Users/rahulvhatkar/.m2/repository/org/yaml/snakeyaml/2.2/snakeyaml-2.2.jar:/Users/rahulvhatkar/.m2/repository/org/springframework/boot/spring-boot-test/3.2.0/spring-boot-test-3.2.0.jar:/Users/rahulvhatkar/.m2/repository/org/springframework/boot/spring-boot-test-autoconfigure/3.2.0/spring-boot-test-autoconfigure-3.2.0.jar:/Users/rahulvhatkar/.m2/repository/com/jayway/jsonpath/json-path/2.8.0/json-path-2.8.0.jar:/Users/rahulvhatkar/.m2/repository/org/slf4j/slf4j-api/2.0.9/slf4j-api-2.0.9.jar:/Users/rahulvhatkar/.m2/repository/jakarta/xml/bind/jakarta.xml.bind-api/4.0.1/jakarta.xml.bind-api-4.0.1.jar:/Users/rahulvhatkar/.m2/repository/jakarta/activation/jakarta.activation-api/2.1.2/jakarta.activation-api-2.1.2.jar:/Users/rahulvhatkar/.m2/repository/net/minidev/json-smart/2.5.0/json-smart-2.5.0.jar:/Users/rahulvhatkar/.m2/repository/net/minidev/accessors-smart/2.5.0/accessors-smart-2.5.0.jar:/Users/rahulvhatkar/.m2/repository/org/ow2/asm/asm/9.3/asm-9.3.jar:/Users/rahulvhatkar/.m2/repository/org/assertj/assertj-core/3.24.2/assertj-core-3.24.2.jar:/Users/rahulvhatkar/.m2/repository/net/bytebuddy/byte-buddy/1.14.10/byte-buddy-1.14.10.jar:/Users/rahulvhatkar/.m2/repository/org/awaitility/awaitility/4.2.0/awaitility-4.2.0.jar:/Users/rahulvhatkar/.m2/repository/org/hamcrest/hamcrest/2.2/hamcrest-2.2.jar:/Users/rahulvhatkar/.m2/repository/org/junit/jupiter/junit-jupiter/5.10.1/junit-jupiter-5.10.1.jar:/Users/rahulvhatkar/.m2/repository/org/junit/jupiter/junit-jupiter-api/5.10.1/junit-jupiter-api-5.10.1.jar:/Users/rahulvhatkar/.m2/repository/org/opentest4j/opentest4j/1.3.0/opentest4j-1.3.0.jar:/Users/rahulvhatkar/.m2/repository/org/junit/platform/junit-platform-commons/1.10.1/junit-platform-commons-1.10.1.jar:/Users/rahulvhatkar/.m2/repository/org/apiguardian/apiguardian-api/1.1.2/apiguardian-api-1.1.2.jar:/Users/rahulvhatkar/.m2/repository/org/junit/jupiter/junit-jupiter-params/5.10.1/junit-jupiter-params-5.10.1.jar:/Users/rahulvhatkar/.m2/repository/org/junit/jupiter/junit-jupiter-engine/5.10.1/junit-jupiter-engine-5.10.1.jar:/Users/rahulvhatkar/.m2/repository/org/junit/platform/junit-platform-engine/1.10.1/junit-platform-engine-1.10.1.jar:/Users/rahulvhatkar/.m2/repository/org/mockito/mockito-core/5.7.0/mockito-core-5.7.0.jar:/Users/rahulvhatkar/.m2/repository/net/bytebuddy/byte-buddy-agent/1.14.10/byte-buddy-agent-1.14.10.jar:/Users/rahulvhatkar/.m2/repository/org/objenesis/objenesis/3.3/objenesis-3.3.jar:/Users/rahulvhatkar/.m2/repository/org/mockito/mockito-junit-jupiter/5.7.0/mockito-junit-jupiter-5.7.0.jar:/Users/rahulvhatkar/.m2/repository/org/skyscreamer/jsonassert/1.5.1/jsonassert-1.5.1.jar:/Users/rahulvhatkar/.m2/repository/com/vaadin/external/google/android-json/0.0.20131108.vaadin1/android-json-0.0.20131108.vaadin1.jar:/Users/rahulvhatkar/.m2/repository/org/springframework/spring-core/6.1.1/spring-core-6.1.1.jar:/Users/rahulvhatkar/.m2/repository/org/springframework/spring-jcl/6.1.1/spring-jcl-6.1.1.jar:/Users/rahulvhatkar/.m2/repository/org/springframework/spring-test/6.1.1/spring-test-6.1.1.jar:/Users/rahulvhatkar/.m2/repository/org/xmlunit/xmlunit-core/2.9.1/xmlunit-core-2.9.1.jar:"/>
    <property name="sun.cpu.endian" value="little"/>
    <property name="user.home" value="/Users/rahulvhatkar"/>
    <property name="user.language" value="en"/>
    <property name="java.specification.vendor" value="Oracle Corporation"/>
    <property name="java.version.date" value="2023-10-17"/>
    <property name="java.home" value="/Library/Java/JavaVirtualMachines/jdk-17.jdk/Contents/Home"/>
    <property name="file.separator" value="/"/>
    <property name="style.color" value="always"/>
    <property name="basedir" value="/Users/rahulvhatkar/Desktop/Rahul/workspace-spring-tool-suite-4-4.15.1.RELEASE/Eureka"/>
    <property name="java.vm.compressedOopsMode" value="Zero based"/>
    <property name="line.separator" value="&#10;"/>
    <property name="java.vm.specification.vendor" value="Oracle Corporation"/>
    <property name="java.specification.name" value="Java Platform API Specification"/>
    <property name="FILE_LOG_CHARSET" value="UTF-8"/>
    <property name="java.awt.headless" value="true"/>
    <property name="surefire.real.class.path" value="/Users/rahulvhatkar/Desktop/Rahul/workspace-spring-tool-suite-4-4.15.1.RELEASE/Eureka/target/surefire/surefirebooter-20240709221702101_3.jar"/>
    <property name="sun.management.compiler" value="HotSpot 64-Bit Tiered Compilers"/>
    <property name="ftp.nonProxyHosts" value="local|*.local|169.254/16|*.169.254/16"/>
    <property name="java.runtime.version" value="17.0.9+11-LTS-201"/>
    <property name="user.name" value="rahulvhatkar"/>
    <property name="path.separator" value=":"/>
    <property name="os.version" value="14.4.1"/>
    <property name="java.runtime.name" value="Java(TM) SE Runtime Environment"/>
    <property name="file.encoding" value="UTF-8"/>
    <property name="java.vm.name" value="Java HotSpot(TM) 64-Bit Server VM"/>
    <property name="localRepository" value="/Users/rahulvhatkar/.m2/repository"/>
    <property name="java.vendor.url.bug" value="https://bugreport.java.com/bugreport/"/>
    <property name="java.io.tmpdir" value="/var/folders/t9/q5fmhm6j5jn0n8shg1tf8rkm0000gn/T/"/>
    <property name="java.version" value="17.0.9"/>
    <property name="user.dir" value="/Users/rahulvhatkar/Desktop/Rahul/workspace-spring-tool-suite-4-4.15.1.RELEASE/Eureka"/>
    <property name="os.arch" value="aarch64"/>
    <property name="java.vm.specification.name" value="Java Virtual Machine Specification"/>
    <property name="PID" value="6310"/>
    <property name="CONSOLE_LOG_CHARSET" value="UTF-8"/>
    <property name="native.encoding" value="UTF-8"/>
    <property name="java.library.path" value="/Users/rahulvhatkar/Library/Java/Extensions:/Library/Java/Extensions:/Network/Library/Java/Extensions:/System/Library/Java/Extensions:/usr/lib/java:."/>
    <property name="java.vm.info" value="mixed mode, sharing"/>
    <property name="java.vendor" value="Oracle Corporation"/>
    <property name="java.vm.version" value="17.0.9+11-LTS-201"/>
    <property name="sun.io.unicode.encoding" value="UnicodeBig"/>
    <property name="socksNonProxyHosts" value="local|*.local|169.254/16|*.169.254/16"/>
    <property name="java.class.version" value="61.0"/>
  </properties>
  <testcase name="contextLoads" classname="com.coderahul.eureka.EurekaApplicationTests" time="0.395">
    <system-out><![CDATA[22:17:02.483 [main] INFO org.springframework.test.context.support.AnnotationConfigContextLoaderUtils -- Could not detect default configuration classes for test class [com.coderahul.eureka.EurekaApplicationTests]: EurekaApplicationTests does not declare any static, non-private, non-final, nested classes annotated with @Configuration.
22:17:02.522 [main] INFO org.springframework.boot.test.context.SpringBootTestContextBootstrapper -- Found @SpringBootConfiguration com.coderahul.eureka.EurekaApplication for test class com.coderahul.eureka.EurekaApplicationTests

  .   ____          _            __ _ _
 /\\ / ___'_ __ _ _(_)_ __  __ _ \ \ \ \
( ( )\___ | '_ | '_| | '_ \/ _` | \ \ \ \
 \\/  ___)| |_)| | | | | || (_| |  ) ) ) )
  '  |____| .__|_| |_|_| |_\__, | / / / /
 =========|_|==============|___/=/_/_/_/
 :: Spring Boot ::                (v3.2.0)

2024-07-09T22:17:02.709+05:30  INFO 6310 --- [           main] c.c.eureka.EurekaApplicationTests        : Starting EurekaApplicationTests using Java 17.0.9 with PID 6310 (started by rahulvhatkar in /Users/rahulvhatkar/Desktop/Rahul/workspace-spring-tool-suite-4-4.15.1.RELEASE/Eureka)
2024-07-09T22:17:02.710+05:30  INFO 6310 --- [           main] c.c.eureka.EurekaApplicationTests        : No active profile set, falling back to 1 default profile: "default"
2024-07-09T22:17:03.102+05:30  INFO 6310 --- [           main] o.s.cloud.context.scope.GenericScope     : BeanFactory id=a269fbd8-c80e-3a44-a824-9b0cd7de668d
2024-07-09T22:17:03.527+05:30  WARN 6310 --- [           main] iguration$LoadBalancerCaffeineWarnLogger : Spring Cloud LoadBalancer is currently working with the default cache. While this cache implementation is useful for development and tests, it's recommended to use Caffeine cache in production.You can switch to using Caffeine cache, by adding it and org.springframework.cache.caffeine.CaffeineCacheManager to the classpath.
2024-07-09T22:17:03.624+05:30  INFO 6310 --- [           main] o.s.c.n.eureka.InstanceInfoFactory       : Setting initial instance status as: STARTING
2024-07-09T22:17:03.635+05:30  INFO 6310 --- [           main] com.netflix.discovery.DiscoveryClient    : Initializing Eureka in region us-east-1
2024-07-09T22:17:03.636+05:30  INFO 6310 --- [           main] com.netflix.discovery.DiscoveryClient    : Client configured to neither register nor query for data.
2024-07-09T22:17:03.639+05:30  INFO 6310 --- [           main] com.netflix.discovery.DiscoveryClient    : Discovery Client initialized at timestamp 1720543623639 with initial instances count: 0
2024-07-09T22:17:03.656+05:30  INFO 6310 --- [           main] c.n.eureka.DefaultEurekaServerContext    : Initializing ...
2024-07-09T22:17:03.656+05:30  INFO 6310 --- [           main] c.n.eureka.cluster.PeerEurekaNodes       : Adding new peer nodes [http://localhost:8761/eureka/]
2024-07-09T22:17:03.735+05:30  INFO 6310 --- [           main] c.n.d.provider.DiscoveryJerseyProvider   : Using JSON encoding codec LegacyJacksonJson
2024-07-09T22:17:03.735+05:30  INFO 6310 --- [           main] c.n.d.provider.DiscoveryJerseyProvider   : Using JSON decoding codec LegacyJacksonJson
2024-07-09T22:17:03.735+05:30  INFO 6310 --- [           main] c.n.d.provider.DiscoveryJerseyProvider   : Using XML encoding codec XStreamXml
2024-07-09T22:17:03.735+05:30  INFO 6310 --- [           main] c.n.d.provider.DiscoveryJerseyProvider   : Using XML decoding codec XStreamXml
2024-07-09T22:17:03.796+05:30  INFO 6310 --- [           main] c.n.eureka.cluster.PeerEurekaNodes       : Replica node URL:  http://localhost:8761/eureka/
2024-07-09T22:17:03.799+05:30  INFO 6310 --- [           main] c.n.e.registry.AbstractInstanceRegistry  : Finished initializing remote region registries. All known remote regions: []
2024-07-09T22:17:03.799+05:30  INFO 6310 --- [           main] c.n.eureka.DefaultEurekaServerContext    : Initialized
2024-07-09T22:17:03.834+05:30  INFO 6310 --- [           main] o.s.b.a.e.web.EndpointLinksResolver      : Exposing 1 endpoint(s) beneath base path '/actuator'
2024-07-09T22:17:03.851+05:30  INFO 6310 --- [           main] o.s.c.n.e.s.EurekaServiceRegistry        : Registering application UNKNOWN with eureka with status UP
2024-07-09T22:17:03.856+05:30  INFO 6310 --- [      Thread-10] o.s.c.n.e.server.EurekaServerBootstrap   : isAws returned false
2024-07-09T22:17:03.857+05:30  INFO 6310 --- [      Thread-10] o.s.c.n.e.server.EurekaServerBootstrap   : Initialized server context
2024-07-09T22:17:03.857+05:30  INFO 6310 --- [      Thread-10] c.n.e.r.PeerAwareInstanceRegistryImpl    : Got 1 instances from neighboring DS node
2024-07-09T22:17:03.857+05:30  INFO 6310 --- [      Thread-10] c.n.e.r.PeerAwareInstanceRegistryImpl    : Renew threshold is: 1
2024-07-09T22:17:03.857+05:30  INFO 6310 --- [      Thread-10] c.n.e.r.PeerAwareInstanceRegistryImpl    : Changing status to UP
2024-07-09T22:17:03.860+05:30  INFO 6310 --- [      Thread-10] e.s.EurekaServerInitializerConfiguration : Started Eureka Server
2024-07-09T22:17:03.866+05:30  INFO 6310 --- [           main] c.c.eureka.EurekaApplicationTests        : Started EurekaApplicationTests in 1.291 seconds (process running for 1.702)
]]></system-out>
  </testcase>
</testsuite>